[2020-01-10T21:27:24.374] [DEBUG] cheese - login => username:txy,password:941226
[2020-01-10T21:27:24.376] [DEBUG] cheese - txy
[2020-01-10T21:27:24.382] [DEBUG] cheese - null
[2020-01-10T21:27:24.382] [DEBUG] cheese - null
[2020-01-10T21:27:29.970] [DEBUG] cheese - login => username:admin,password:941226
[2020-01-10T21:27:29.970] [DEBUG] cheese - admin
[2020-01-10T21:27:29.973] [DEBUG] cheese - null
[2020-01-10T21:27:29.974] [DEBUG] cheese - null
[2020-01-10T21:27:38.327] [DEBUG] cheese - login => username:admin,password:123456
[2020-01-10T21:27:38.327] [DEBUG] cheese - admin
[2020-01-10T21:27:38.329] [DEBUG] cheese - null
[2020-01-10T21:27:38.329] [DEBUG] cheese - null
[2020-01-12T09:45:57.130] [DEBUG] cheese - login => username:admin,password:123456
[2020-01-12T09:45:57.132] [DEBUG] cheese - admin
[2020-01-12T09:45:57.168] [DEBUG] cheese - null
[2020-01-12T09:45:57.169] [DEBUG] cheese - null
[2020-01-12T09:47:57.739] [DEBUG] cheese - login => username:admin,password:123456
[2020-01-12T09:47:57.739] [DEBUG] cheese - admin
[2020-01-12T09:47:57.741] [DEBUG] cheese - null
[2020-01-12T09:47:57.741] [DEBUG] cheese - null
[2020-01-12T09:51:56.600] [DEBUG] cheese - login => username:admin,password:123456
[2020-01-12T09:51:56.600] [DEBUG] cheese - admin
[2020-01-12T09:51:56.602] [DEBUG] cheese - null
[2020-01-12T09:51:56.602] [DEBUG] cheese - null
[2020-01-12T09:52:26.548] [DEBUG] cheese - login => username:admin,password:123456
[2020-01-12T09:52:26.548] [DEBUG] cheese - admin
[2020-01-12T09:52:26.550] [DEBUG] cheese - null
[2020-01-12T09:52:26.551] [DEBUG] cheese - null
[2020-01-12T09:52:59.794] [DEBUG] cheese - login => username:admin,password:123456
[2020-01-12T09:52:59.795] [DEBUG] cheese - admin
[2020-01-12T09:52:59.806] [DEBUG] cheese - null
[2020-01-12T09:52:59.806] [DEBUG] cheese - null
[2020-01-12T09:55:10.707] [DEBUG] cheese - login => username:admin,password:123456
[2020-01-12T09:55:10.711] [DEBUG] cheese - admin
[2020-01-12T09:55:10.728] [DEBUG] cheese - null
[2020-01-12T09:55:10.729] [DEBUG] cheese - null
[2020-01-12T09:56:56.209] [DEBUG] cheese - login => username:admin,password:123456
[2020-01-12T09:56:56.209] [DEBUG] cheese - admin
[2020-01-12T09:56:56.212] [DEBUG] cheese - null
[2020-01-12T09:56:56.212] [DEBUG] cheese - null
[2020-01-12T09:57:17.597] [DEBUG] cheese - login => username:admin,password:123456
[2020-01-12T09:57:17.599] [DEBUG] cheese - admin
[2020-01-12T09:57:17.608] [DEBUG] cheese - null
[2020-01-12T09:57:17.608] [DEBUG] cheese - null
[2020-01-12T09:58:02.109] [DEBUG] cheese - login => username:admin,password:123456
[2020-01-12T09:58:02.109] [DEBUG] cheese - admin
[2020-01-12T09:58:02.112] [DEBUG] cheese - null
[2020-01-12T09:58:02.112] [DEBUG] cheese - null
[2020-01-12T10:06:20.295] [DEBUG] cheese - login => username:admin,password:123456
[2020-01-12T10:06:20.296] [DEBUG] cheese - admin
[2020-01-12T10:06:20.305] [DEBUG] cheese - null
[2020-01-12T10:06:20.306] [DEBUG] cheese - null
[2020-01-12T10:08:37.230] [DEBUG] cheese - login => username:admin,password:123456
[2020-01-12T10:08:37.231] [DEBUG] cheese - admin
[2020-01-12T10:08:37.241] [DEBUG] cheese - null
[2020-01-12T10:08:37.241] [DEBUG] cheese - null
[2020-01-12T10:09:15.976] [DEBUG] cheese - login => username:admin,password:123456
[2020-01-12T10:09:15.976] [DEBUG] cheese - admin
[2020-01-12T10:09:15.980] [DEBUG] cheese - null
[2020-01-12T10:09:15.980] [DEBUG] cheese - null
[2020-01-12T10:10:33.216] [DEBUG] cheese - login => username:admin,password:123456
[2020-01-12T10:10:33.217] [DEBUG] cheese - admin
[2020-01-12T10:10:33.221] [DEBUG] cheese - null
[2020-01-12T10:10:33.221] [DEBUG] cheese - null
[2020-01-12T10:14:48.512] [DEBUG] cheese - login => username:admin,password:123456
[2020-01-12T10:14:48.513] [DEBUG] cheese - admin
[2020-01-12T10:14:48.523] [DEBUG] cheese - null
[2020-01-12T10:14:48.524] [DEBUG] cheese - null
[2020-01-12T10:20:41.899] [DEBUG] cheese - login => username:admin,password:123456
[2020-01-12T10:20:41.899] [DEBUG] cheese - admin
[2020-01-12T10:20:41.901] [DEBUG] cheese - null
[2020-01-12T10:20:41.901] [DEBUG] cheese - null
[2020-01-12T10:21:36.387] [DEBUG] cheese - login => username:admin,password:123456
[2020-01-12T10:21:36.388] [DEBUG] cheese - admin
[2020-01-12T10:21:36.390] [DEBUG] cheese - null
[2020-01-12T10:21:36.390] [DEBUG] cheese - null
[2020-01-12T10:32:42.860] [DEBUG] cheese - login => username:admin,password:123456
[2020-01-12T10:32:42.860] [DEBUG] cheese - admin
[2020-01-12T10:32:42.861] [DEBUG] cheese - null
[2020-01-12T10:32:42.862] [DEBUG] cheese - null
[2020-01-12T10:44:16.131] [DEBUG] cheese - login => username:admin,password:1234561
[2020-01-12T10:44:16.131] [DEBUG] cheese - admin
[2020-01-12T10:44:16.137] [DEBUG] cheese - null
[2020-01-12T10:44:16.138] [DEBUG] cheese - null
[2020-01-12T10:44:18.857] [DEBUG] cheese - login => username:admin,password:123456
[2020-01-12T10:44:18.858] [DEBUG] cheese - admin
[2020-01-12T10:44:18.860] [DEBUG] cheese - null
[2020-01-12T10:44:18.861] [DEBUG] cheese - null
[2020-01-12T10:45:06.295] [DEBUG] cheese - login => username:admin,password:123456
[2020-01-12T10:45:06.295] [DEBUG] cheese - admin
[2020-01-12T10:45:06.298] [DEBUG] cheese - null
[2020-01-12T10:45:06.298] [DEBUG] cheese - null
[2020-01-12T10:56:43.934] [DEBUG] cheese - login => username:admin,password:123456
[2020-01-12T10:56:43.934] [DEBUG] cheese - admin
[2020-01-12T10:56:43.936] [DEBUG] cheese - null
[2020-01-12T10:56:43.936] [DEBUG] cheese - null
[2020-01-12T14:17:12.648] [DEBUG] cheese - login => username:admin,password:123456
[2020-01-12T14:17:12.648] [DEBUG] cheese - admin
[2020-01-12T14:17:12.654] [DEBUG] cheese - null
[2020-01-12T14:17:12.655] [DEBUG] cheese - null
[2020-01-12T14:33:51.516] [DEBUG] cheese - login => username:admin,password:123456
[2020-01-12T14:33:51.516] [DEBUG] cheese - admin
[2020-01-12T14:33:51.518] [DEBUG] cheese - null
[2020-01-12T14:33:51.518] [DEBUG] cheese - null
[2020-01-12T16:39:30.765] [DEBUG] cheese - login => username:admin,password:123456
[2020-01-12T16:39:30.765] [DEBUG] cheese - admin
[2020-01-12T16:39:30.772] [DEBUG] cheese - null
[2020-01-12T16:39:30.772] [DEBUG] cheese - null
[2020-01-12T18:38:50.539] [DEBUG] cheese - login => username:admin,password:123456
[2020-01-12T18:38:50.540] [DEBUG] cheese - admin
[2020-01-12T18:38:50.547] [DEBUG] cheese - null
[2020-01-12T18:38:50.548] [DEBUG] cheese - null
[2020-01-12T20:09:34.030] [DEBUG] cheese - login => username:admin,password:123456
[2020-01-12T20:09:34.031] [DEBUG] cheese - admin
[2020-01-12T20:09:34.038] [DEBUG] cheese - null
[2020-01-12T20:09:34.038] [DEBUG] cheese - null
[2020-01-12T20:11:53.788] [DEBUG] cheese - login => username:admin,password:123456
[2020-01-12T20:11:53.788] [DEBUG] cheese - admin
[2020-01-12T20:11:53.791] [DEBUG] cheese - null
[2020-01-12T20:11:53.791] [DEBUG] cheese - null
[2020-01-12T20:23:53.085] [DEBUG] cheese - login => username:admin,password:123456
[2020-01-12T20:23:53.085] [DEBUG] cheese - admin
[2020-01-12T20:23:53.088] [DEBUG] cheese - null
[2020-01-12T20:23:53.088] [DEBUG] cheese - null
[2020-01-12T20:50:56.409] [DEBUG] cheese - login => username:admin,password:123456
[2020-01-12T20:50:56.409] [DEBUG] cheese - admin
[2020-01-12T20:50:56.411] [DEBUG] cheese - null
[2020-01-12T20:50:56.411] [DEBUG] cheese - null
[2020-01-12T21:18:38.746] [DEBUG] cheese - login => username:admin,password:123456
[2020-01-12T21:18:38.746] [DEBUG] cheese - admin
[2020-01-12T21:18:38.752] [DEBUG] cheese - null
[2020-01-12T21:18:38.752] [DEBUG] cheese - null
[2020-01-13T09:05:47.213] [DEBUG] cheese - login => username:admin,password:123456
[2020-01-13T09:05:47.215] [DEBUG] cheese - admin
[2020-01-13T09:05:47.235] [DEBUG] cheese - null
[2020-01-13T09:05:47.235] [DEBUG] cheese - null
[2020-01-13T11:55:01.974] [DEBUG] cheese - login => username:admin,password:123456
[2020-01-13T11:55:01.975] [DEBUG] cheese - admin
[2020-01-13T11:55:01.981] [DEBUG] cheese - null
[2020-01-13T11:55:01.982] [DEBUG] cheese - null
[2020-01-13T19:12:01.522] [DEBUG] cheese - login => username:admin,password:123456
[2020-01-13T19:12:01.524] [DEBUG] cheese - admin
[2020-01-13T19:12:01.543] [DEBUG] cheese - null
[2020-01-13T19:12:01.543] [DEBUG] cheese - null
[2020-01-13T19:15:38.559] [DEBUG] cheese - login => username:admin,password:123456
[2020-01-13T19:15:38.559] [DEBUG] cheese - admin
[2020-01-13T19:15:38.563] [DEBUG] cheese - null
[2020-01-13T19:15:38.563] [DEBUG] cheese - null
[2020-01-14T10:16:26.803] [DEBUG] cheese - login => username:admin,password:123456
[2020-01-14T10:16:26.804] [DEBUG] cheese - admin
[2020-01-14T10:16:26.821] [DEBUG] cheese - null
[2020-01-14T10:16:26.821] [DEBUG] cheese - null
[2020-01-14T14:36:24.432] [DEBUG] cheese - login => username:admin,password:123456
[2020-01-14T14:36:24.432] [DEBUG] cheese - admin
[2020-01-14T14:36:24.434] [DEBUG] cheese - null
[2020-01-14T14:36:24.434] [DEBUG] cheese - null
[2020-01-15T08:41:01.504] [DEBUG] cheese - login => username:admin,password:123456
[2020-01-15T08:41:01.506] [DEBUG] cheese - admin
[2020-01-15T08:41:01.518] [DEBUG] cheese - null
[2020-01-15T08:41:01.518] [DEBUG] cheese - null
[2020-01-15T18:37:59.729] [DEBUG] cheese - login => username:admin,password:123456
[2020-01-15T18:37:59.732] [DEBUG] cheese - admin
[2020-01-15T18:37:59.740] [DEBUG] cheese - null
[2020-01-15T18:37:59.741] [DEBUG] cheese - null
[2020-01-15T18:40:00.648] [DEBUG] cheese - login => username:admin,password:123456
[2020-01-15T18:40:00.648] [DEBUG] cheese - admin
[2020-01-15T18:40:00.650] [DEBUG] cheese - null
[2020-01-15T18:40:00.651] [DEBUG] cheese - null
[2020-01-16T09:09:14.844] [DEBUG] cheese - login => username:admin,password:123456
[2020-01-16T09:09:14.846] [DEBUG] cheese - admin
[2020-01-16T09:09:14.861] [DEBUG] cheese - null
[2020-01-16T09:09:14.861] [DEBUG] cheese - null
[2020-01-17T09:06:03.775] [DEBUG] cheese - login => username:admin,password:123456
[2020-01-17T09:06:03.776] [DEBUG] cheese - admin
[2020-01-17T09:06:03.791] [DEBUG] cheese - null
[2020-01-17T09:06:03.792] [DEBUG] cheese - null
